  Actor.cpp
c:\users\paxtoncr\source\repos\cse387\gamebase3d\gamebase3d\mathlibsconstsfuncs.h(15): fatal error C1083: Cannot open include file: 'glm/fwd.hpp': No such file or directory
  Asteroid.cpp
c:\users\paxtoncr\source\repos\cse387\gamebase3d\gamebase3d\mathlibsconstsfuncs.h(15): fatal error C1083: Cannot open include file: 'glm/fwd.hpp': No such file or directory
  CircleComponent.cpp
c:\users\paxtoncr\source\repos\cse387\gamebase3d\gamebase3d\mathlibsconstsfuncs.h(15): fatal error C1083: Cannot open include file: 'glm/fwd.hpp': No such file or directory
  Component.cpp
c:\users\paxtoncr\source\repos\cse387\gamebase3d\gamebase3d\mathlibsconstsfuncs.h(15): fatal error C1083: Cannot open include file: 'glm/fwd.hpp': No such file or directory
  Game.cpp
c:\users\paxtoncr\source\repos\cse387\gamebase3d\gamebase3d\game.h(10): fatal error C1083: Cannot open include file: 'SDL/SDL.h': No such file or directory
  InputComponent.cpp
c:\users\paxtoncr\source\repos\cse387\gamebase3d\gamebase3d\mathlibsconstsfuncs.h(15): fatal error C1083: Cannot open include file: 'glm/fwd.hpp': No such file or directory
  Laser.cpp
c:\users\paxtoncr\source\repos\cse387\gamebase3d\gamebase3d\mathlibsconstsfuncs.h(15): fatal error C1083: Cannot open include file: 'glm/fwd.hpp': No such file or directory
  main.cpp
c:\users\paxtoncr\source\repos\cse387\gamebase3d\gamebase3d\game.h(10): fatal error C1083: Cannot open include file: 'SDL/SDL.h': No such file or directory
  MoveComponent.cpp
c:\users\paxtoncr\source\repos\cse387\gamebase3d\gamebase3d\mathlibsconstsfuncs.h(15): fatal error C1083: Cannot open include file: 'glm/fwd.hpp': No such file or directory
  Random.cpp
c:\users\paxtoncr\source\repos\cse387\gamebase3d\gamebase3d\mathlibsconstsfuncs.h(15): fatal error C1083: Cannot open include file: 'glm/fwd.hpp': No such file or directory
  Shader.cpp
c:\users\paxtoncr\source\repos\cse387\gamebase3d\gamebase3d\shader.h(10): fatal error C1083: Cannot open include file: 'GL/glew.h': No such file or directory
  Ship.cpp
c:\users\paxtoncr\source\repos\cse387\gamebase3d\gamebase3d\mathlibsconstsfuncs.h(15): fatal error C1083: Cannot open include file: 'glm/fwd.hpp': No such file or directory
  SpaceGame.cpp
c:\users\paxtoncr\source\repos\cse387\gamebase3d\gamebase3d\game.h(10): fatal error C1083: Cannot open include file: 'SDL/SDL.h': No such file or directory
  SpaceGameActor.cpp
c:\users\paxtoncr\source\repos\cse387\gamebase3d\gamebase3d\mathlibsconstsfuncs.h(15): fatal error C1083: Cannot open include file: 'glm/fwd.hpp': No such file or directory
  SpriteComponent.cpp
c:\users\paxtoncr\source\repos\cse387\gamebase3d\gamebase3d\spritecomponent.h(11): fatal error C1083: Cannot open include file: 'SDL/SDL.h': No such file or directory
  Texture.cpp
c:\users\paxtoncr\source\repos\cse387\gamebase3d\gamebase3d\texture.cpp(10): fatal error C1083: Cannot open include file: 'SOIL/SOIL.h': No such file or directory
  VertexArray.cpp
c:\users\paxtoncr\source\repos\cse387\gamebase3d\gamebase3d\vertexarray.cpp(10): fatal error C1083: Cannot open include file: 'GL/glew.h': No such file or directory
  Generating Code...
