  Background.cpp
  Bullet.cpp
  Enemy.cpp
  Game.cpp
  Main.cpp
  Missile.cpp
  PlaneStates.cpp
  Project1Game.cpp
  Walker.cpp
c:\users\chris\documents\repositories\cse387\astarsearch\walker.cpp(32): warning C4018: '<': signed/unsigned mismatch
c:\users\chris\documents\repositories\cse387\astarsearch\walker.cpp(46): warning C4018: '<': signed/unsigned mismatch
  Generating Code...
  Game.vcxproj -> C:\Users\Chris\Documents\Repositories\CSE387\AstarSearch\Debug\Game.exe
  C:\Users\Chris\Documents\Repositories\CSE387\AstarSearch\\..\external\SDL\lib\win\x86\libfreetype-6.dll
  C:\Users\Chris\Documents\Repositories\CSE387\AstarSearch\\..\external\SDL\lib\win\x86\libogg-0.dll
  C:\Users\Chris\Documents\Repositories\CSE387\AstarSearch\\..\external\SDL\lib\win\x86\libpng16-16.dll
  C:\Users\Chris\Documents\Repositories\CSE387\AstarSearch\\..\external\SDL\lib\win\x86\libvorbis-0.dll
  C:\Users\Chris\Documents\Repositories\CSE387\AstarSearch\\..\external\SDL\lib\win\x86\libvorbisfile-3.dll
  C:\Users\Chris\Documents\Repositories\CSE387\AstarSearch\\..\external\SDL\lib\win\x86\SDL2.dll
  C:\Users\Chris\Documents\Repositories\CSE387\AstarSearch\\..\external\SDL\lib\win\x86\SDL2_image.dll
  C:\Users\Chris\Documents\Repositories\CSE387\AstarSearch\\..\external\SDL\lib\win\x86\SDL2_mixer.dll
  C:\Users\Chris\Documents\Repositories\CSE387\AstarSearch\\..\external\SDL\lib\win\x86\SDL2_ttf.dll
  C:\Users\Chris\Documents\Repositories\CSE387\AstarSearch\\..\external\SDL\lib\win\x86\zlib1.dll
  10 File(s) copied
  C:\Users\Chris\Documents\Repositories\CSE387\AstarSearch\\..\external\GLEW\lib\win\x86\glew32.dll
  1 File(s) copied
