c:\users\chris\documents\repositories\cse387\astarsearch\release\vc141.pdb
c:\users\chris\documents\repositories\cse387\astarsearch\release\spawner.obj
c:\users\chris\documents\repositories\cse387\astarsearch\release\random.obj
c:\users\chris\documents\repositories\cse387\astarsearch\release\project1game.obj
c:\users\chris\documents\repositories\cse387\astarsearch\release\planestates.obj
c:\users\chris\documents\repositories\cse387\astarsearch\release\plane.obj
c:\users\chris\documents\repositories\cse387\astarsearch\release\physicalmovementcomponent.obj
c:\users\chris\documents\repositories\cse387\astarsearch\release\multianimspritecomponent.obj
c:\users\chris\documents\repositories\cse387\astarsearch\release\movecomponent.obj
c:\users\chris\documents\repositories\cse387\astarsearch\release\missile.obj
c:\users\chris\documents\repositories\cse387\astarsearch\release\main.obj
c:\users\chris\documents\repositories\cse387\astarsearch\release\inputcomponent.obj
c:\users\chris\documents\repositories\cse387\astarsearch\release\game.obj
c:\users\chris\documents\repositories\cse387\astarsearch\release\enemy.obj
c:\users\chris\documents\repositories\cse387\astarsearch\release\component.obj
c:\users\chris\documents\repositories\cse387\astarsearch\release\circlecomponent.obj
c:\users\chris\documents\repositories\cse387\astarsearch\release\bullet.obj
c:\users\chris\documents\repositories\cse387\astarsearch\release\background.obj
c:\users\chris\documents\repositories\cse387\astarsearch\release\animspritecomponent.obj
c:\users\chris\documents\repositories\cse387\astarsearch\release\aicomponent.obj
c:\users\chris\documents\repositories\cse387\astarsearch\release\actor.obj
c:\users\chris\documents\repositories\cse387\astarsearch\release\walker.obj
c:\users\chris\documents\repositories\cse387\astarsearch\release\spritesheetanimcompnent.obj
c:\users\chris\documents\repositories\cse387\astarsearch\release\spritecomponent.obj
c:\users\chris\documents\repositories\cse387\astarsearch\release\tank.obj
c:\users\chris\documents\repositories\cse387\astarsearch\release\game.ipdb
c:\users\chris\documents\repositories\cse387\astarsearch\release\game.iobj
c:\users\chris\documents\repositories\cse387\astarsearch\release\game.exe
c:\users\chris\documents\repositories\cse387\astarsearch\release\game.pdb
c:\users\chris\documents\repositories\cse387\astarsearch\release\game.tlog\cl.command.1.tlog
c:\users\chris\documents\repositories\cse387\astarsearch\release\game.tlog\cl.read.1.tlog
c:\users\chris\documents\repositories\cse387\astarsearch\release\game.tlog\cl.write.1.tlog
c:\users\chris\documents\repositories\cse387\astarsearch\release\game.tlog\game.write.1u.tlog
c:\users\chris\documents\repositories\cse387\astarsearch\release\game.tlog\link.command.1.tlog
c:\users\chris\documents\repositories\cse387\astarsearch\release\game.tlog\link.read.1.tlog
c:\users\chris\documents\repositories\cse387\astarsearch\release\game.tlog\link.write.1.tlog
