c:\users\paxtoncr\source\repos\cse387\cse387lab5\gamebase3d\gamebase3d\debug\vc141.pdb
c:\users\paxtoncr\source\repos\cse387\cse387lab5\gamebase3d\gamebase3d\debug\vc141.idb
c:\users\paxtoncr\source\repos\cse387\cse387lab5\gamebase3d\gamebase3d\debug\vertexarray.obj
c:\users\paxtoncr\source\repos\cse387\cse387lab5\gamebase3d\gamebase3d\debug\texture.obj
c:\users\paxtoncr\source\repos\cse387\cse387lab5\gamebase3d\gamebase3d\debug\spritecomponent.obj
c:\users\paxtoncr\source\repos\cse387\cse387lab5\gamebase3d\gamebase3d\debug\shapegameactor.obj
c:\users\paxtoncr\source\repos\cse387\cse387lab5\gamebase3d\gamebase3d\debug\shapegame.obj
c:\users\paxtoncr\source\repos\cse387\cse387lab5\gamebase3d\gamebase3d\debug\shader.obj
c:\users\paxtoncr\source\repos\cse387\cse387lab5\gamebase3d\gamebase3d\debug\renderer.obj
c:\users\paxtoncr\source\repos\cse387\cse387lab5\gamebase3d\gamebase3d\debug\random.obj
c:\users\paxtoncr\source\repos\cse387\cse387lab5\gamebase3d\gamebase3d\debug\movecomponent.obj
c:\users\paxtoncr\source\repos\cse387\cse387lab5\gamebase3d\gamebase3d\debug\meshcomponent.obj
c:\users\paxtoncr\source\repos\cse387\cse387lab5\gamebase3d\gamebase3d\debug\mesh.obj
c:\users\paxtoncr\source\repos\cse387\cse387lab5\gamebase3d\gamebase3d\debug\main.obj
c:\users\paxtoncr\source\repos\cse387\cse387lab5\gamebase3d\gamebase3d\debug\inputcomponent.obj
c:\users\paxtoncr\source\repos\cse387\cse387lab5\gamebase3d\gamebase3d\debug\game.obj
c:\users\paxtoncr\source\repos\cse387\cse387lab5\gamebase3d\gamebase3d\debug\component.obj
c:\users\paxtoncr\source\repos\cse387\cse387lab5\gamebase3d\gamebase3d\debug\circlecomponent.obj
c:\users\paxtoncr\source\repos\cse387\cse387lab5\gamebase3d\gamebase3d\debug\actor.obj
c:\users\paxtoncr\source\repos\cse387\cse387lab5\gamebase3d\debug\gamebase3d.exe
c:\users\paxtoncr\source\repos\cse387\cse387lab5\gamebase3d\debug\gamebase3d.ilk
c:\users\paxtoncr\source\repos\cse387\cse387lab5\gamebase3d\debug\gamebase3d.pdb
c:\users\paxtoncr\source\repos\cse387\cse387lab5\gamebase3d\gamebase3d\debug\gamebase3d.tlog\cl.command.1.tlog
c:\users\paxtoncr\source\repos\cse387\cse387lab5\gamebase3d\gamebase3d\debug\gamebase3d.tlog\cl.read.1.tlog
c:\users\paxtoncr\source\repos\cse387\cse387lab5\gamebase3d\gamebase3d\debug\gamebase3d.tlog\cl.write.1.tlog
c:\users\paxtoncr\source\repos\cse387\cse387lab5\gamebase3d\gamebase3d\debug\gamebase3d.tlog\link.command.1.tlog
c:\users\paxtoncr\source\repos\cse387\cse387lab5\gamebase3d\gamebase3d\debug\gamebase3d.tlog\link.read.1.tlog
c:\users\paxtoncr\source\repos\cse387\cse387lab5\gamebase3d\gamebase3d\debug\gamebase3d.tlog\link.write.1.tlog
