  Game.cpp
  Renderer.cpp
SOIL.lib(SOIL.obj) : warning LNK4075: ignoring '/EDITANDCONTINUE' due to '/OPT:ICF' specification
LINK : warning LNK4098: defaultlib 'MSVCRTD' conflicts with use of other libs; use /NODEFAULTLIB:library
  Generating code
  5 of 1515 functions ( 0.3%) were compiled, the rest were copied from previous compilation.
    0 functions were new in current compilation
    0 functions had inline decision re-evaluated but remain unchanged
  Finished generating code
SOIL.lib(image_DXT.obj) : warning LNK4099: PDB 'vc120.pdb' was not found with 'SOIL.lib(image_DXT.obj)' or at 'C:\Users\bachmaer\Desktop\Hello-World\code-master\GameBase3D - Lab Work Through\Release\vc120.pdb'; linking object as if no debug info
SOIL.lib(image_helper.obj) : warning LNK4099: PDB 'vc120.pdb' was not found with 'SOIL.lib(image_helper.obj)' or at 'C:\Users\bachmaer\Desktop\Hello-World\code-master\GameBase3D - Lab Work Through\Release\vc120.pdb'; linking object as if no debug info
SOIL.lib(SOIL.obj) : warning LNK4099: PDB 'vc120.pdb' was not found with 'SOIL.lib(SOIL.obj)' or at 'C:\Users\bachmaer\Desktop\Hello-World\code-master\GameBase3D - Lab Work Through\Release\vc120.pdb'; linking object as if no debug info
SOIL.lib(stb_image_aug.obj) : warning LNK4099: PDB 'vc120.pdb' was not found with 'SOIL.lib(stb_image_aug.obj)' or at 'C:\Users\bachmaer\Desktop\Hello-World\code-master\GameBase3D - Lab Work Through\Release\vc120.pdb'; linking object as if no debug info
  GameBase3D.vcxproj -> C:\Users\bachmaer\Desktop\Hello-World\code-master\GameBase3D - Lab Work Through\Release\GameBase3D.exe
  C:\Users\bachmaer\Desktop\Hello-World\code-master\GameBase3D - Lab Work Through\GameBase3D\\..\..\external\SDL\lib\win\x86\libfreetype-6.dll
  C:\Users\bachmaer\Desktop\Hello-World\code-master\GameBase3D - Lab Work Through\GameBase3D\\..\..\external\SDL\lib\win\x86\libogg-0.dll
  C:\Users\bachmaer\Desktop\Hello-World\code-master\GameBase3D - Lab Work Through\GameBase3D\\..\..\external\SDL\lib\win\x86\libpng16-16.dll
  C:\Users\bachmaer\Desktop\Hello-World\code-master\GameBase3D - Lab Work Through\GameBase3D\\..\..\external\SDL\lib\win\x86\libvorbis-0.dll
  C:\Users\bachmaer\Desktop\Hello-World\code-master\GameBase3D - Lab Work Through\GameBase3D\\..\..\external\SDL\lib\win\x86\libvorbisfile-3.dll
  C:\Users\bachmaer\Desktop\Hello-World\code-master\GameBase3D - Lab Work Through\GameBase3D\\..\..\external\SDL\lib\win\x86\SDL2.dll
  C:\Users\bachmaer\Desktop\Hello-World\code-master\GameBase3D - Lab Work Through\GameBase3D\\..\..\external\SDL\lib\win\x86\SDL2_image.dll
  C:\Users\bachmaer\Desktop\Hello-World\code-master\GameBase3D - Lab Work Through\GameBase3D\\..\..\external\SDL\lib\win\x86\SDL2_mixer.dll
  C:\Users\bachmaer\Desktop\Hello-World\code-master\GameBase3D - Lab Work Through\GameBase3D\\..\..\external\SDL\lib\win\x86\SDL2_ttf.dll
  C:\Users\bachmaer\Desktop\Hello-World\code-master\GameBase3D - Lab Work Through\GameBase3D\\..\..\external\SDL\lib\win\x86\zlib1.dll
  10 File(s) copied
  C:\Users\bachmaer\Desktop\Hello-World\code-master\GameBase3D - Lab Work Through\GameBase3D\\..\..\external\GLEW\lib\win\x86\glew32.dll
  1 File(s) copied
