c:\users\paxtoncr\source\repos\cse387\cse387lab3\debug\vc141.pdb
c:\users\paxtoncr\source\repos\cse387\cse387lab3\debug\vc141.idb
c:\users\paxtoncr\source\repos\cse387\cse387lab3\debug\spritecomponent.obj
c:\users\paxtoncr\source\repos\cse387\cse387lab3\debug\ship.obj
c:\users\paxtoncr\source\repos\cse387\cse387lab3\debug\random.obj
c:\users\paxtoncr\source\repos\cse387\cse387lab3\debug\physicalmovementcomponent.obj
c:\users\paxtoncr\source\repos\cse387\cse387lab3\debug\movecomponent.obj
c:\users\paxtoncr\source\repos\cse387\cse387lab3\debug\main.obj
c:\users\paxtoncr\source\repos\cse387\cse387lab3\debug\laser.obj
c:\users\paxtoncr\source\repos\cse387\cse387lab3\debug\inputcomponent.obj
c:\users\paxtoncr\source\repos\cse387\cse387lab3\debug\game.obj
c:\users\paxtoncr\source\repos\cse387\cse387lab3\debug\component.obj
c:\users\paxtoncr\source\repos\cse387\cse387lab3\debug\circlecomponent.obj
c:\users\paxtoncr\source\repos\cse387\cse387lab3\debug\cannonballactor.obj
c:\users\paxtoncr\source\repos\cse387\cse387lab3\debug\asteroid.obj
c:\users\paxtoncr\source\repos\cse387\cse387lab3\debug\actor.obj
c:\users\chris\documents\repositories\cse387\cse387lab3\debug\vc141.pdb
c:\users\chris\documents\repositories\cse387\cse387lab3\debug\vc141.idb
c:\users\chris\documents\repositories\cse387\cse387lab3\debug\spritecomponent.obj
c:\users\chris\documents\repositories\cse387\cse387lab3\debug\ship.obj
c:\users\chris\documents\repositories\cse387\cse387lab3\debug\random.obj
c:\users\chris\documents\repositories\cse387\cse387lab3\debug\physicalmovementcomponent.obj
c:\users\chris\documents\repositories\cse387\cse387lab3\debug\movecomponent.obj
c:\users\chris\documents\repositories\cse387\cse387lab3\debug\main.obj
c:\users\chris\documents\repositories\cse387\cse387lab3\debug\laser.obj
c:\users\chris\documents\repositories\cse387\cse387lab3\debug\inputcomponent.obj
c:\users\chris\documents\repositories\cse387\cse387lab3\debug\game.obj
c:\users\chris\documents\repositories\cse387\cse387lab3\debug\component.obj
c:\users\chris\documents\repositories\cse387\cse387lab3\debug\circlecomponent.obj
c:\users\chris\documents\repositories\cse387\cse387lab3\debug\cannonballactor.obj
c:\users\chris\documents\repositories\cse387\cse387lab3\debug\asteroid.obj
c:\users\chris\documents\repositories\cse387\cse387lab3\debug\actor.obj
c:\users\paxtoncr\source\repos\cse387\cse387lab3\cse387lab3\debug\game.exe
c:\users\paxtoncr\source\repos\cse387\cse387lab3\cse387lab3\debug\game.ilk
c:\users\paxtoncr\source\repos\cse387\cse387lab3\cse387lab3\debug\game.pdb
c:\users\paxtoncr\source\repos\cse387\cse387lab3\debug\game.exe
c:\users\paxtoncr\source\repos\cse387\cse387lab3\debug\game.ilk
c:\users\paxtoncr\source\repos\cse387\cse387lab3\debug\game.pdb
c:\users\chris\documents\repositories\cse387\cse387lab3\debug\game.ilk
c:\users\chris\documents\repositories\cse387\cse387lab3\debug\game.exe
c:\users\chris\documents\repositories\cse387\cse387lab3\debug\game.pdb
c:\users\chris\documents\repositories\cse387\cse387lab3\debug\game.tlog\cl.command.1.tlog
c:\users\chris\documents\repositories\cse387\cse387lab3\debug\game.tlog\cl.read.1.tlog
c:\users\chris\documents\repositories\cse387\cse387lab3\debug\game.tlog\cl.write.1.tlog
c:\users\chris\documents\repositories\cse387\cse387lab3\debug\game.tlog\link.command.1.tlog
c:\users\chris\documents\repositories\cse387\cse387lab3\debug\game.tlog\link.read.1.tlog
c:\users\chris\documents\repositories\cse387\cse387lab3\debug\game.tlog\link.write.1.tlog
