  Actor.cpp
  Asteroid.cpp
  CircleComponent.cpp
  Component.cpp
  Game.cpp
  InputComponent.cpp
  Laser.cpp
  main.cpp
  MoveComponent.cpp
  Random.cpp
  Shader.cpp
  Ship.cpp
  SpaceGame.cpp
  SpaceGameActor.cpp
  SpriteComponent.cpp
  Texture.cpp
  VertexArray.cpp
  Generating Code...
SOIL.lib(image_DXT.obj) : warning LNK4099: PDB 'vc120.pdb' was not found with 'SOIL.lib(image_DXT.obj)' or at 'C:\Users\paxtoncr\source\repos\CSE387\GameBase3D\Debug\vc120.pdb'; linking object as if no debug info
SOIL.lib(image_helper.obj) : warning LNK4099: PDB 'vc120.pdb' was not found with 'SOIL.lib(image_helper.obj)' or at 'C:\Users\paxtoncr\source\repos\CSE387\GameBase3D\Debug\vc120.pdb'; linking object as if no debug info
SOIL.lib(SOIL.obj) : warning LNK4099: PDB 'vc120.pdb' was not found with 'SOIL.lib(SOIL.obj)' or at 'C:\Users\paxtoncr\source\repos\CSE387\GameBase3D\Debug\vc120.pdb'; linking object as if no debug info
SOIL.lib(stb_image_aug.obj) : warning LNK4099: PDB 'vc120.pdb' was not found with 'SOIL.lib(stb_image_aug.obj)' or at 'C:\Users\paxtoncr\source\repos\CSE387\GameBase3D\Debug\vc120.pdb'; linking object as if no debug info
  GameBase3D.vcxproj -> C:\Users\paxtoncr\source\repos\CSE387\GameBase3D\Debug\GameBase3D.exe
  C:\Users\paxtoncr\source\repos\CSE387\GameBase3D\GameBase3D\\..\..\external\SDL\lib\win\x86\libfreetype-6.dll
  C:\Users\paxtoncr\source\repos\CSE387\GameBase3D\GameBase3D\\..\..\external\SDL\lib\win\x86\libogg-0.dll
  C:\Users\paxtoncr\source\repos\CSE387\GameBase3D\GameBase3D\\..\..\external\SDL\lib\win\x86\libpng16-16.dll
  C:\Users\paxtoncr\source\repos\CSE387\GameBase3D\GameBase3D\\..\..\external\SDL\lib\win\x86\libvorbis-0.dll
  C:\Users\paxtoncr\source\repos\CSE387\GameBase3D\GameBase3D\\..\..\external\SDL\lib\win\x86\libvorbisfile-3.dll
  C:\Users\paxtoncr\source\repos\CSE387\GameBase3D\GameBase3D\\..\..\external\SDL\lib\win\x86\SDL2.dll
  C:\Users\paxtoncr\source\repos\CSE387\GameBase3D\GameBase3D\\..\..\external\SDL\lib\win\x86\SDL2_image.dll
  C:\Users\paxtoncr\source\repos\CSE387\GameBase3D\GameBase3D\\..\..\external\SDL\lib\win\x86\SDL2_mixer.dll
  C:\Users\paxtoncr\source\repos\CSE387\GameBase3D\GameBase3D\\..\..\external\SDL\lib\win\x86\SDL2_ttf.dll
  C:\Users\paxtoncr\source\repos\CSE387\GameBase3D\GameBase3D\\..\..\external\SDL\lib\win\x86\zlib1.dll
  10 File(s) copied
  C:\Users\paxtoncr\source\repos\CSE387\GameBase3D\GameBase3D\\..\..\external\GLEW\lib\win\x86\glew32.dll
  1 File(s) copied
